0 info it worked if it ends with ok
1 verbose cli [ 'node', '/usr/local/bin/npm', 'publish' ]
2 info using npm@1.4.3
3 info using node@v0.10.26
4 verbose publish [ '.' ]
5 verbose cache add [ '.', null ]
6 verbose cache add name=undefined spec="." args=[".",null]
7 verbose parsed url { protocol: null,
7 verbose parsed url   slashes: null,
7 verbose parsed url   auth: null,
7 verbose parsed url   host: null,
7 verbose parsed url   port: null,
7 verbose parsed url   hostname: null,
7 verbose parsed url   hash: null,
7 verbose parsed url   search: null,
7 verbose parsed url   query: null,
7 verbose parsed url   pathname: '.',
7 verbose parsed url   path: '.',
7 verbose parsed url   href: '.' }
8 silly lockFile 3a52ce78- .
9 verbose lock . /Users/paul/.npm/3a52ce78-.lock
10 verbose tar pack [ '/var/folders/kw/27_82rd15nj8j8nl0_kld30c0000gn/T/npm-97558-_rtSX7X-/1405257432484-0.19880326511338353/tmp.tgz',
10 verbose tar pack   '.' ]
11 verbose tarball /var/folders/kw/27_82rd15nj8j8nl0_kld30c0000gn/T/npm-97558-_rtSX7X-/1405257432484-0.19880326511338353/tmp.tgz
12 verbose folder .
13 info prepublish grunt-cache-busting@0.0.8
14 silly lockFile 1f1177db-tar tar://.
15 verbose lock tar://. /Users/paul/.npm/1f1177db-tar.lock
16 silly lockFile d5770154-2484-0-19880326511338353-tmp-tgz tar:///var/folders/kw/27_82rd15nj8j8nl0_kld30c0000gn/T/npm-97558-_rtSX7X-/1405257432484-0.19880326511338353/tmp.tgz
17 verbose lock tar:///var/folders/kw/27_82rd15nj8j8nl0_kld30c0000gn/T/npm-97558-_rtSX7X-/1405257432484-0.19880326511338353/tmp.tgz /Users/paul/.npm/d5770154-2484-0-19880326511338353-tmp-tgz.lock
18 silly lockFile 1f1177db-tar tar://.
19 silly lockFile 1f1177db-tar tar://.
20 silly lockFile d5770154-2484-0-19880326511338353-tmp-tgz tar:///var/folders/kw/27_82rd15nj8j8nl0_kld30c0000gn/T/npm-97558-_rtSX7X-/1405257432484-0.19880326511338353/tmp.tgz
21 silly lockFile d5770154-2484-0-19880326511338353-tmp-tgz tar:///var/folders/kw/27_82rd15nj8j8nl0_kld30c0000gn/T/npm-97558-_rtSX7X-/1405257432484-0.19880326511338353/tmp.tgz
22 verbose tar unpack /var/folders/kw/27_82rd15nj8j8nl0_kld30c0000gn/T/npm-97558-_rtSX7X-/1405257432484-0.19880326511338353/tmp.tgz
23 silly lockFile 2e7e3c26-2484-0-19880326511338353-package tar:///var/folders/kw/27_82rd15nj8j8nl0_kld30c0000gn/T/npm-97558-_rtSX7X-/1405257432484-0.19880326511338353/package
24 verbose lock tar:///var/folders/kw/27_82rd15nj8j8nl0_kld30c0000gn/T/npm-97558-_rtSX7X-/1405257432484-0.19880326511338353/package /Users/paul/.npm/2e7e3c26-2484-0-19880326511338353-package.lock
25 silly lockFile d5770154-2484-0-19880326511338353-tmp-tgz tar:///var/folders/kw/27_82rd15nj8j8nl0_kld30c0000gn/T/npm-97558-_rtSX7X-/1405257432484-0.19880326511338353/tmp.tgz
26 verbose lock tar:///var/folders/kw/27_82rd15nj8j8nl0_kld30c0000gn/T/npm-97558-_rtSX7X-/1405257432484-0.19880326511338353/tmp.tgz /Users/paul/.npm/d5770154-2484-0-19880326511338353-tmp-tgz.lock
27 silly gunzTarPerm modes [ '755', '644' ]
28 silly gunzTarPerm extractEntry package.json
29 silly gunzTarPerm extractEntry .npmignore
30 silly gunzTarPerm extractEntry README.md
31 silly gunzTarPerm extractEntry tasks/cache-busting.js
32 silly lockFile 2e7e3c26-2484-0-19880326511338353-package tar:///var/folders/kw/27_82rd15nj8j8nl0_kld30c0000gn/T/npm-97558-_rtSX7X-/1405257432484-0.19880326511338353/package
33 silly lockFile 2e7e3c26-2484-0-19880326511338353-package tar:///var/folders/kw/27_82rd15nj8j8nl0_kld30c0000gn/T/npm-97558-_rtSX7X-/1405257432484-0.19880326511338353/package
34 silly lockFile d5770154-2484-0-19880326511338353-tmp-tgz tar:///var/folders/kw/27_82rd15nj8j8nl0_kld30c0000gn/T/npm-97558-_rtSX7X-/1405257432484-0.19880326511338353/tmp.tgz
35 silly lockFile d5770154-2484-0-19880326511338353-tmp-tgz tar:///var/folders/kw/27_82rd15nj8j8nl0_kld30c0000gn/T/npm-97558-_rtSX7X-/1405257432484-0.19880326511338353/tmp.tgz
36 verbose tar pack [ '/Users/paul/.npm/grunt-cache-busting/0.0.8/package.tgz',
36 verbose tar pack   '/var/folders/kw/27_82rd15nj8j8nl0_kld30c0000gn/T/npm-97558-_rtSX7X-/1405257432484-0.19880326511338353/package' ]
37 verbose tarball /Users/paul/.npm/grunt-cache-busting/0.0.8/package.tgz
38 verbose folder /var/folders/kw/27_82rd15nj8j8nl0_kld30c0000gn/T/npm-97558-_rtSX7X-/1405257432484-0.19880326511338353/package
39 silly lockFile 2e7e3c26-2484-0-19880326511338353-package tar:///var/folders/kw/27_82rd15nj8j8nl0_kld30c0000gn/T/npm-97558-_rtSX7X-/1405257432484-0.19880326511338353/package
40 verbose lock tar:///var/folders/kw/27_82rd15nj8j8nl0_kld30c0000gn/T/npm-97558-_rtSX7X-/1405257432484-0.19880326511338353/package /Users/paul/.npm/2e7e3c26-2484-0-19880326511338353-package.lock
41 silly lockFile 76ce81c1--cache-busting-0-0-8-package-tgz tar:///Users/paul/.npm/grunt-cache-busting/0.0.8/package.tgz
42 verbose lock tar:///Users/paul/.npm/grunt-cache-busting/0.0.8/package.tgz /Users/paul/.npm/76ce81c1--cache-busting-0-0-8-package-tgz.lock
43 silly lockFile 2e7e3c26-2484-0-19880326511338353-package tar:///var/folders/kw/27_82rd15nj8j8nl0_kld30c0000gn/T/npm-97558-_rtSX7X-/1405257432484-0.19880326511338353/package
44 silly lockFile 2e7e3c26-2484-0-19880326511338353-package tar:///var/folders/kw/27_82rd15nj8j8nl0_kld30c0000gn/T/npm-97558-_rtSX7X-/1405257432484-0.19880326511338353/package
45 silly lockFile 76ce81c1--cache-busting-0-0-8-package-tgz tar:///Users/paul/.npm/grunt-cache-busting/0.0.8/package.tgz
46 silly lockFile 76ce81c1--cache-busting-0-0-8-package-tgz tar:///Users/paul/.npm/grunt-cache-busting/0.0.8/package.tgz
47 silly lockFile c68f405c-runt-cache-busting-0-0-8-package /Users/paul/.npm/grunt-cache-busting/0.0.8/package
48 verbose lock /Users/paul/.npm/grunt-cache-busting/0.0.8/package /Users/paul/.npm/c68f405c-runt-cache-busting-0-0-8-package.lock
49 silly lockFile c68f405c-runt-cache-busting-0-0-8-package /Users/paul/.npm/grunt-cache-busting/0.0.8/package
50 silly lockFile c68f405c-runt-cache-busting-0-0-8-package /Users/paul/.npm/grunt-cache-busting/0.0.8/package
51 verbose tar unpack /Users/paul/.npm/grunt-cache-busting/0.0.8/package.tgz
52 silly lockFile a7edc4b6-runt-cache-busting-0-0-8-package tar:///Users/paul/.npm/grunt-cache-busting/0.0.8/package
53 verbose lock tar:///Users/paul/.npm/grunt-cache-busting/0.0.8/package /Users/paul/.npm/a7edc4b6-runt-cache-busting-0-0-8-package.lock
54 silly lockFile 76ce81c1--cache-busting-0-0-8-package-tgz tar:///Users/paul/.npm/grunt-cache-busting/0.0.8/package.tgz
55 verbose lock tar:///Users/paul/.npm/grunt-cache-busting/0.0.8/package.tgz /Users/paul/.npm/76ce81c1--cache-busting-0-0-8-package-tgz.lock
56 silly gunzTarPerm modes [ '755', '644' ]
57 silly gunzTarPerm extractEntry package.json
58 silly gunzTarPerm extractEntry .npmignore
59 silly gunzTarPerm extractEntry README.md
60 silly gunzTarPerm extractEntry tasks/cache-busting.js
61 silly lockFile a7edc4b6-runt-cache-busting-0-0-8-package tar:///Users/paul/.npm/grunt-cache-busting/0.0.8/package
62 silly lockFile a7edc4b6-runt-cache-busting-0-0-8-package tar:///Users/paul/.npm/grunt-cache-busting/0.0.8/package
63 silly lockFile 76ce81c1--cache-busting-0-0-8-package-tgz tar:///Users/paul/.npm/grunt-cache-busting/0.0.8/package.tgz
64 silly lockFile 76ce81c1--cache-busting-0-0-8-package-tgz tar:///Users/paul/.npm/grunt-cache-busting/0.0.8/package.tgz
65 verbose chmod /Users/paul/.npm/grunt-cache-busting/0.0.8/package.tgz 644
66 verbose chown /Users/paul/.npm/grunt-cache-busting/0.0.8/package.tgz [ 501, 20 ]
67 silly lockFile 3a52ce78- .
68 silly lockFile 3a52ce78- .
69 silly publish { name: 'grunt-cache-busting',
69 silly publish   description: 'Simplistic cache busting',
69 silly publish   version: '0.0.8',
69 silly publish   author: { name: 'Paul Tondeur', email: 'paul@paultondeur.nl' },
69 silly publish   repository:
69 silly publish    { type: 'git',
69 silly publish      url: 'git://github.com/PaulTondeur/grunt-cache-busting.git' },
69 silly publish   engines: { node: '>= 0.8.0' },
69 silly publish   dependencies: { 'grunt-text-replace': '~0.3.8', glob: '~4.0.4' },
69 silly publish   devDependencies: { grunt: '~0.4.0' },
69 silly publish   peerDependencies: { grunt: '~0.4.0' },
69 silly publish   keywords: [ 'grunt', 'cache', 'buster', 'busting' ],
69 silly publish   readme: 'grunt-cache-busting\n===================\n> Cache busting files and updating references\n\n## Getting Started\nThis plugin requires Grunt `~0.4.0`\n\nIf you haven\'t used [Grunt](http://gruntjs.com/) before, be sure to check out the [Getting Started](http://gruntjs.com/getting-started) guide, as it explains how to create a [Gruntfile](http://gruntjs.com/sample-gruntfile) as well as install and use Grunt plugins. Once you\'re familiar with that process, you may install this plugin with this command:\n\n```shell\nnpm install grunt-cache-busting --save-dev\n```\n\nOnce the plugin has been installed, it may be enabled inside your Gruntfile with this line of JavaScript:\n\n```js\ngrunt.loadNpmTasks(\'grunt-cache-busting\');\n```\n\n[grunt]: http://gruntjs.com/\n[getting_started]: https://github.com/gruntjs/grunt/wiki/Getting-started#the-gruntfile\n\n\n## Usage\n\n```javascript\n\'cache-busting\': {\n\trequirejs: {\n\t\treplace: [\'tmp/**/*.html\'],\n\t\treplacement: \'MainApp\',\n\t\tfile: \'tmp/deploy/js/app/MainApp.min.js\'\n\t},\n\tcss: {\n\t\treplace: [\'tmp/**/*.html\'],\n\t\treplacement: \'style.css\',\n\t\tfile: \'tmp/deploy/css/style.css\',\n\t\tcleanup: true //Remove previously generated hashed files.\n\t}\n},\n```\n\nSay that the index.html looks like this:\n\n```html\n<html>\n<head>\n\t<link rel="stylesheet" href="css/style.css" />\n\n\t<script data-main="js/app/MainApp" src="js/vendors/requirejs/require.js"></script>\n</head>\n<body>\n\n</body>\n</html>\n```\n\nAfter running ```grunt cache-busting```, this file will look like this, and the files have changed accordingly on disk:\n```html\n<html>\n<head>\n\t<link rel="stylesheet" href="css/style-HASH-OF-FILE-CONTENTS.css" />\n\n\t<script data-main="js/app/MainApp-HASH-OF-FILE-CONTENTS" src="js/vendors/requirejs/require.js"></script>\n</head>\n<body>\n\n</body>\n</html>\n```\n\nOptionally, you can pass the `get_param` option to simply append a query string parameter to the path of the file. This is useful if you need to change the contents of a file, but not the filename.\n\n*Note: Some proxy servers do not re-request assets when a new query string is used. If a significant portion of your users use proxy servers, you may want to change the filename instead of appending a query string.*\n\n```javascript\n\'cache-busting\': {\n\tcss: {\n\t\treplace: [\'tmp/**/*.html\'],\n\t\treplacement: \'style.css\',\n\t\tfile: \'tmp/deploy/css/style.css\',\n\t\tget_param: true,\n\t}\n},\n```\n\nWill change the html above to this:\n```html\n<html>\n<head>\n\t<link rel="stylesheet" href="css/style.css?v=HASH-OF-FILE-CONTENTS" />\n\n\t<script data-main="js/app/MainApp-HASH-OF-FILE-CONTENTS" src="js/vendors/requirejs/require.js"></script>\n</head>\n<body>\n\n</body>\n</html>\n```\n\n\n## API reference\n### replace\n*replace* is an array of source files that is searched for the strings to be replaced.\nIt supports [minimatch paths](https://github.com/isaacs/minimatch).\n\n### replacement\n*replacement* is a string for which we search and replace by the hash. If it contains an extension, the extension will be preserved.\n\n### file\n*file* is the file which will be renamed to filename-HASH-OF-FILE-CONTENTS.ext. The hash is generated based on the file\ncontents of this parameter.\n\n## Credits\nThis plugin is build on top of [grunt-text-replace](https://github.com/yoniholmes/grunt-text-replace/) and was inspired by [grunt-cache-bust](https://github.com/hollandben/grunt-cache-bust)\n',
69 silly publish   readmeFilename: 'README.md',
69 silly publish   bugs: { url: 'https://github.com/PaulTondeur/grunt-cache-busting/issues' },
69 silly publish   homepage: 'https://github.com/PaulTondeur/grunt-cache-busting',
69 silly publish   _id: 'grunt-cache-busting@0.0.8',
69 silly publish   dist: { shasum: 'ea6d713e1dbccc2f172c7ff4bb74996c1227bc87' },
69 silly publish   _from: '.' }
70 verbose url raw grunt-cache-busting
71 verbose url resolving [ 'https://registry.npmjs.org/', './grunt-cache-busting' ]
72 verbose url resolved https://registry.npmjs.org/grunt-cache-busting
73 info trying registry request attempt 1 at 15:17:12
74 http PUT https://registry.npmjs.org/grunt-cache-busting
75 http 403 https://registry.npmjs.org/grunt-cache-busting
76 error publish Failed PUT 403
77 error Error: forbidden cannot modify pre-existing version: 0.0.8
77 error old={"name":"grunt-cache-busting","description":"Simplistic cache busting","version":"0.0.8","author":{"name":"Paul Tondeur","email":"paul@paultondeur.nl"},"repository":{"type":"git","url":"git://github.com/PaulTondeur/grunt-cache-busting.git"},"engines":{"node":">= 0.8.0"},"dependencies":{"grunt-text-replace":"~0.3.8"},"devDependencies":{"grunt":"~0.4.0"},"peerDependencies":{"grunt":"~0.4.0"},"keywords":["grunt","cache","buster","busting"],"bugs":{"url":"https://github.com/PaulTondeur/grunt-cache-busting/issues"},"homepage":"https://github.com/PaulTondeur/grunt-cache-busting","_id":"grunt-cache-busting@0.0.8","dist":{"shasum":"e9ac4b497705feb2d1134ead1fdb70c0d702e38c","tarball":"http://registry.npmjs.org/grunt-cache-busting/-/grunt-cache-busting-0.0.8.tgz"},"_from":".","_npmVersion":"1.4.3","_npmUser":{"name":"paultondeur","email":"paul@paultondeur.nl"},"maintainers":[{"name":"paultondeur","email":"paul@paultondeur.nl"}]}
77 error new={"name":"grunt-cache-busting","description":"Simplistic cache busting","version":"0.0.8","author":{"name":"Paul Tondeur","email":"paul@paultondeur.nl"},"repository":{"type":"git","url":"git://github.com/PaulTondeur/grunt-cache-busting.git"},"engines":{"node":">= 0.8.0"},"dependencies":{"grunt-text-replace":"~0.3.8","glob":"~4.0.4"},"devDependencies":{"grunt":"~0.4.0"},"peerDependencies":{"grunt":"~0.4.0"},"keywords":["grunt","cache","buster","busting"],"readme":"grunt-cache-busting\u000a===================\u000a> Cache busting files and updating references\u000a\u000a## Getting Started\u000aThis plugin requires Grunt `~0.4.0`\u000a\u000aIf you haven't used [Grunt](http://gruntjs.com/) before, be sure to check out the [Getting Started](http://gruntjs.com/getting-started) guide, as it explains how to create a [Gruntfile](http://gruntjs.com/sample-gruntfile) as well as install and use Grunt plugins. Once you're familiar with that process, you may install this plugin with this command:\u000a\u000a```shell\u000anpm install grunt-cache-busting --save-dev\u000a```\u000a\u000aOnce the plugin has been installed, it may be enabled inside your Gruntfile with this line of JavaScript:\u000a\u000a```js\u000agrunt.loadNpmTasks('grunt-cache-busting');\u000a```\u000a\u000a[grunt]: http://gruntjs.com/\u000a[getting_started]: https://github.com/gruntjs/grunt/wiki/Getting-started#the-gruntfile\u000a\u000a\u000a## Usage\u000a\u000a```javascript\u000a'cache-busting': {\u000a\u0009requirejs: {\u000a\u0009\u0009replace: ['tmp/**/*.html'],\u000a\u0009\u0009replacement: 'MainApp',\u000a\u0009\u0009file: 'tmp/deploy/js/app/MainApp.min.js'\u000a\u0009},\u000a\u0009css: {\u000a\u0009\u0009replace: ['tmp/**/*.html'],\u000a\u0009\u0009replacement: 'style.css',\u000a\u0009\u0009file: 'tmp/deploy/css/style.css',\u000a\u0009\u0009cleanup: true //Remove previously generated hashed files.\u000a\u0009}\u000a},\u000a```\u000a\u000aSay that the index.html looks like this:\u000a\u000a```html\u000a<html>\u000a<head>\u000a\u0009<link rel=\"stylesheet\" href=\"css/style.css\" />\u000a\u000a\u0009<script data-main=\"js/app/MainApp\" src=\"js/vendors/requirejs/require.js\"></script>\u000a</head>\u000a<body>\u000a\u000a</body>\u000a</html>\u000a```\u000a\u000aAfter running ```grunt cache-busting```, this file will look like this, and the files have changed accordingly on disk:\u000a```html\u000a<html>\u000a<head>\u000a\u0009<link rel=\"stylesheet\" href=\"css/style-HASH-OF-FILE-CONTENTS.css\" />\u000a\u000a\u0009<script data-main=\"js/app/MainApp-HASH-OF-FILE-CONTENTS\" src=\"js/vendors/requirejs/require.js\"></script>\u000a</head>\u000a<body>\u000a\u000a</body>\u000a</html>\u000a```\u000a\u000aOptionally, you can pass the `get_param` option to simply append a query string parameter to the path of the file. This is useful if you need to change the contents of a file, but not the filename.\u000a\u000a*Note: Some proxy servers do not re-request assets when a new query string is used. If a significant portion of your users use proxy servers, you may want to change the filename instead of appending a query string.*\u000a\u000a```javascript\u000a'cache-busting': {\u000a\u0009css: {\u000a\u0009\u0009replace: ['tmp/**/*.html'],\u000a\u0009\u0009replacement: 'style.css',\u000a\u0009\u0009file: 'tmp/deploy/css/style.css',\u000a\u0009\u0009get_param: true,\u000a\u0009}\u000a},\u000a```\u000a\u000aWill change the html above to this:\u000a```html\u000a<html>\u000a<head>\u000a\u0009<link rel=\"stylesheet\" href=\"css/style.css?v=HASH-OF-FILE-CONTENTS\" />\u000a\u000a\u0009<script data-main=\"js/app/MainApp-HASH-OF-FILE-CONTENTS\" src=\"js/vendors/requirejs/require.js\"></script>\u000a</head>\u000a<body>\u000a\u000a</body>\u000a</html>\u000a```\u000a\u000a\u000a## API reference\u000a### replace\u000a*replace* is an array of source files that is searched for the strings to be replaced.\u000aIt supports [minimatch paths](https://github.com/isaacs/minimatch).\u000a\u000a### replacement\u000a*replacement* is a string for which we search and replace by the hash. If it contains an extension, the extension will be preserved.\u000a\u000a### file\u000a*file* is the file which will be renamed to filename-HASH-OF-FILE-CONTENTS.ext. The hash is generated based on the file\u000acontents of this parameter.\u000a\u000a## Credits\u000aThis plugin is build on top of [grunt-text-replace](https://github.com/yoniholmes/grunt-text-replace/) and was inspired by [grunt-cache-bust](https://github.com/hollandben/grunt-cache-bust)\u000a","readmeFilename":"README.md","bugs":{"url":"https://github.com/PaulTondeur/grunt-cache-busting/issues"},"homepage":"https://github.com/PaulTondeur/grunt-cache-busting","_id":"grunt-cache-busting@0.0.8","dist":{"shasum":"ea6d713e1dbccc2f172c7ff4bb74996c1227bc87","tarball":"http://registry.npmjs.org/grunt-cache-busting/-/grunt-cache-busting-0.0.8.tgz"},"_from":".","_npmVersion":"1.4.3","_npmUser":{"name":"paultondeur","email":"paul@paultondeur.nl"},"maintainers":[{"name":"paultondeur","email":"paul@paultondeur.nl"}]}: grunt-cache-busting
77 error     at RegClient.<anonymous> (/usr/local/lib/node_modules/npm/node_modules/npm-registry-client/lib/request.js:237:14)
77 error     at Request.self.callback (/usr/local/lib/node_modules/npm/node_modules/request/request.js:123:22)
77 error     at Request.EventEmitter.emit (events.js:98:17)
77 error     at Request.<anonymous> (/usr/local/lib/node_modules/npm/node_modules/request/request.js:893:14)
77 error     at Request.EventEmitter.emit (events.js:117:20)
77 error     at IncomingMessage.<anonymous> (/usr/local/lib/node_modules/npm/node_modules/request/request.js:844:12)
77 error     at IncomingMessage.EventEmitter.emit (events.js:117:20)
77 error     at _stream_readable.js:920:16
77 error     at process._tickCallback (node.js:415:13)
78 error If you need help, you may report this *entire* log,
78 error including the npm and node versions, at:
78 error     <http://github.com/npm/npm/issues>
79 error System Darwin 12.5.0
80 error command "node" "/usr/local/bin/npm" "publish"
81 error cwd /Volumes/SATA HD/Work/WEB-DEV/IntelliJ/github/grunt-cache-busting
82 error node -v v0.10.26
83 error npm -v 1.4.3
84 verbose exit [ 1, true ]
